{
  "stats": {
    "suites": 1,
    "tests": 2,
    "passes": 0,
    "pending": 0,
    "failures": 2,
    "start": "2024-07-18T15:20:02.634Z",
    "end": "2024-07-18T15:20:59.559Z",
    "duration": 56925,
    "testsRegistered": 2,
    "passPercent": 0,
    "pendingPercent": 0,
    "other": 0,
    "hasOther": false,
    "skipped": 0,
    "hasSkipped": false
  },
  "results": [
    {
      "uuid": "9bbf1042-04f4-48bb-9d4f-45257a45a26a",
      "title": "",
      "fullFile": "cypress\\e2e\\ui\\Signup_Login.cy.js",
      "file": "cypress\\e2e\\ui\\Signup_Login.cy.js",
      "beforeHooks": [],
      "afterHooks": [],
      "tests": [],
      "suites": [
        {
          "uuid": "c19b36b6-0bb5-47ed-a85e-631afcebddd2",
          "title": "User signup and login",
          "fullFile": "",
          "file": "",
          "beforeHooks": [],
          "afterHooks": [],
          "tests": [
            {
              "title": "Should sign up new user successfully",
              "fullTitle": "User signup and login Should sign up new user successfully",
              "timedOut": null,
              "duration": 23975,
              "state": "failed",
              "speed": null,
              "pass": false,
              "fail": true,
              "pending": false,
              "context": null,
              "code": "cy.visit(this.userData.url);\ncy.get(this.userData.signup.signupButton).click();\ncy.get(this.userData.signup.emailTextarea).type(this.userData.user.email);\ncy.get(this.userData.signup.authchecker).click();\ncy.get(this.userData.signup.passwordTextarea1).type(this.userData.user.password);\ncy.get(this.userData.signup.passwordTextarea2).type(this.userData.user.password);\ncy.get(this.userData.signup.enterButtonPassword).click();\nconst otp = \"123456\";\nconst otpChars = otp.split(\"\");\ncy.get(this.userData.signup.otpInput).each(($el, index) => {\n  cy.wrap($el).type(otpChars[index]);\n});\ncy.get(this.userData.signup.enterOtpButton).click();\ncy.wait(10000);\ncy.get(this.userData.signup.dropDown).click();\ncy.get(this.userData.signup.dropdownList).should(\"have.length.greaterThan\", 100);\ncy.get(this.userData.signup.dropdownListIndia).click();\ncy.get(this.userData.signup.phoneNumberInput).type(this.userData.user.phoneNumber);\ncy.get(this.userData.signup.verify).click();\ncy.get(this.userData.signup.otpInput).each(($el, index) => {\n  cy.wrap($el).type(otpChars[index]);\n});\ncy.wait(5000);\ncy.get(this.userData.signup.verifiedTick).should(\"be.visible\");\ncy.get(this.userData.signup.signup).click();\ncy.wait(15000);\ncy.url().should(\"include\", \"community\");\ncy.get(this.userData.signup.menu).click();\ncy.get(this.userData.signup.logout).click();",
              "err": {
                "message": "AssertionError: Timed out retrying after 5000ms: Expected to find element: `div:nth-of-type(1) > .MuiInput-root.MuiInput-underline.MuiInputBase-colorPrimary.MuiInputBase-formControl.MuiInputBase-root.css-vc5wo > .MuiInput-input.MuiInputBase-input.css-hy3fez`, but never found it.",
                "estack": "AssertionError: Timed out retrying after 5000ms: Expected to find element: `div:nth-of-type(1) > .MuiInput-root.MuiInput-underline.MuiInputBase-colorPrimary.MuiInputBase-formControl.MuiInputBase-root.css-vc5wo > .MuiInput-input.MuiInputBase-input.css-hy3fez`, but never found it.\n    at Context.eval (webpack://cypress-assessment---buttonshift/./cypress/e2e/ui/Signup_Login.cy.js:20:7)",
                "diff": null
              },
              "uuid": "7ab9675a-3ec7-48ef-900f-8a48107a6e93",
              "parentUUID": "c19b36b6-0bb5-47ed-a85e-631afcebddd2",
              "isHook": false,
              "skipped": false
            },
            {
              "title": "Login existing user successfully",
              "fullTitle": "User signup and login Login existing user successfully",
              "timedOut": null,
              "duration": 30390,
              "state": "failed",
              "speed": null,
              "pass": false,
              "fail": true,
              "pending": false,
              "context": null,
              "code": "cy.visit(this.userData.url);\ncy.get(this.userData.login.loginButton).click();\ncy.get(this.userData.login.emailTextarea).type(`${this.userData.user.email}{enter}`);\ncy.get(this.userData.login.passwordTextarea).type(this.userData.user.password);\ncy.get(this.userData.login.login).click();\ncy.wait(5000);\ncy.url().should(\"include\", \"community\");",
              "err": {
                "message": "AssertionError: Timed out retrying after 5000ms: expected 'https://dev-fe.buttonshift.com/' to include 'community'",
                "estack": "AssertionError: Timed out retrying after 5000ms: expected 'https://dev-fe.buttonshift.com/' to include 'community'\n    at Context.eval (webpack://cypress-assessment---buttonshift/./cypress/e2e/ui/Signup_Login.cy.js:64:13)",
                "diff": null
              },
              "uuid": "4bb6d2f8-5563-438d-bb67-3aa244520d3e",
              "parentUUID": "c19b36b6-0bb5-47ed-a85e-631afcebddd2",
              "isHook": false,
              "skipped": false
            }
          ],
          "suites": [],
          "passes": [],
          "failures": [
            "7ab9675a-3ec7-48ef-900f-8a48107a6e93",
            "4bb6d2f8-5563-438d-bb67-3aa244520d3e"
          ],
          "pending": [],
          "skipped": [],
          "duration": 54365,
          "root": false,
          "rootEmpty": false,
          "_timeout": 2000
        }
      ],
      "passes": [],
      "failures": [],
      "pending": [],
      "skipped": [],
      "duration": 0,
      "root": true,
      "rootEmpty": true,
      "_timeout": 2000
    }
  ],
  "meta": {
    "mocha": {
      "version": "7.0.1"
    },
    "mochawesome": {
      "options": {
        "quiet": false,
        "reportFilename": "mochawesome",
        "saveHtml": true,
        "saveJson": true,
        "consoleReporter": "spec",
        "useInlineDiffs": false,
        "code": true
      },
      "version": "7.1.3"
    },
    "marge": {
      "options": {
        "id": "default",
        "reportDir": "cypress/reports",
        "overwrite": false,
        "html": true,
        "json": true
      },
      "version": "6.2.0"
    }
  }
}